make --dry-run --keep-going --print-directory
make: Entering directory `/Users/okinnune/sovietpunk'
gcc -Ilib/include/SDL2/ -Isrc -Ilibft -g -O1   -c -o src/main.o src/main.c
gcc -Ilib/include/SDL2/ -Isrc -Ilibft -g -O1   -c -o src/editor.o src/editor.c
gcc -Ilib/include/SDL2/ -Isrc -Ilibft -g -O1   -c -o src/png.o src/png.c
gcc -Ilib/include/SDL2/ -Isrc -Ilibft -g -O1   -c -o src/error.o src/error.c
gcc -Ilib/include/SDL2/ -Isrc -Ilibft -g -O1   -c -o src/file_open.o src/file_open.c
gcc -Ilib/include/SDL2/ -Isrc -Ilibft -g -O1   -c -o src/fdf_drawline.o src/fdf_drawline.c
gcc -Ilib/include/SDL2/ -Isrc -Ilibft -g -O1   -c -o src/mini_fdf.o src/mini_fdf.c
gcc -Ilib/include/SDL2/ -Isrc -Ilibft -g -O1   -c -o src/obj.o src/obj.c
gcc -Ilib/include/SDL2/ -Isrc -Ilibft -g -O1   -c -o src/image.o src/image.c
gcc -Ilib/include/SDL2/ -Isrc -Ilibft -g -O1   -c -o src/gameloop.o src/gameloop.c
gcc -Ilib/include/SDL2/ -Isrc -Ilibft -g -O1   -c -o src/deltatime.o src/deltatime.c
gcc -Ilib/include/SDL2/ -Isrc -Ilibft -g -O1   -c -o src/eventloop.o src/eventloop.c
gcc -Ilib/include/SDL2/ -Isrc -Ilibft -g -O1   -c -o src/editor_eventloop.o src/editor_eventloop.c
gcc -Ilib/include/SDL2/ -Isrc -Ilibft -g -O1   -c -o src/simpleimg.o src/simpleimg.c
gcc -Ilib/include/SDL2/ -Isrc -Ilibft -g -O1   -c -o src/v2.o src/v2.c
gcc -Ilib/include/SDL2/ -Isrc -Ilibft -g -O1   -c -o src/obj_render.o src/obj_render.c
gcc -Ilib/include/SDL2/ -Isrc -Ilibft -g -O1   -c -o src/shade.o src/shade.c
gcc -Ilib/include/SDL2/ -Isrc -Ilibft -g -O1   -c -o src/player.o src/player.c
gcc -Ilib/include/SDL2/ -Isrc -Ilibft -g -O1   -c -o src/inputhelp.o src/inputhelp.c
gcc src/main.o src/editor.o src/png.o src/error.o src/file_open.o src/fdf_drawline.o src/mini_fdf.o src/obj.o src/image.o src/gameloop.o src/deltatime.o src/eventloop.o src/editor_eventloop.o src/simpleimg.o src/v2.o src/obj_render.o src/shade.o src/player.o src/inputhelp.o -o SovietPunk1947 `SDL_built/bin/sdl2-config --cflags --libs` -Ilib/include/SDL2/ -Isrc -Ilibft libft/libft.a -ldl -lpthread -lm
make: Leaving directory `/Users/okinnune/sovietpunk'
 
