make all --print-data-base --no-builtin-variables --no-builtin-rules --question
# GNU Make 3.81
# Copyright (C) 2006  Free Software Foundation, Inc.
# This is free software; see the source for copying conditions.
# There is NO warranty; not even for MERCHANTABILITY or FITNESS FOR A
# PARTICULAR PURPOSE.

# This program built for i386-apple-darwin11.3.0
 

# Make data base, printed on Mon Oct 10 12:00:37 2022

# Variables

 
# automatic
<D = $(patsubst %/,%,$(dir $<))
# automatic
?F = $(notdir $?)
# makefile (from `Makefile', line 23)
OBJ = $(SRC:.c=.o)
# makefile (from `Makefile', line 22)
SRC = $(addprefix src/,$(SRCFILES))
# automatic
?D = $(patsubst %/,%,$(dir $?))
# automatic
@D = $(patsubst %/,%,$(dir $@))
# automatic
@F = $(notdir $@)
# makefile
CURDIR := /Users/okinnune/sovietpunk
# makefile
SHELL = /bin/sh
# environment
VSCODE_NLS_CONFIG = {"locale":"en-us","availableLanguages":{},"_languagePackSupport":true}
# environment
_ = /usr/bin/make
# `override' directive (from `Makefile', line 26)
CFLAGS = $(INCLUDE) -Ofast -finline-functions -g
# makefile (from `Makefile', line 1)
MAKEFILE_LIST :=  Makefile
# makefile (from `Makefile', line 18)
SRCFILES = main.c editor.c png.c file_open.c mini_fdf.c obj.c image.c gameloop.c deltatime.c eventloop.c editor_eventloop.c convertpng.c v2.c obj_render.c shade.c spawnplayer.c inputhelp.c v2_2.c draw.c samplemap.c editor_buttons.c drawquadtile.c getwall.c mini_fdf_helpers.c mini_fdf_matrix.c 
# environment
VSCODE_CWD = /
# environment
Apple_PubSub_Socket_Render = /private/tmp/com.apple.launchd.eZEWwEhQfP/Render
# environment
PATH = /Users/okinnune/.brew/bin:/Users/okinnune/.brew/bin:/usr/local/bin:/usr/bin:/bin:/usr/sbin:/sbin:/usr/local/munki:/Library/Frameworks/Mono.framework/Versions/Current/Commands:/Applications/Visual Studio Code.app/Contents/Resources/app/bin
# environment
ELECTRON_RUN_AS_NODE = 1
# default
.FEATURES := target-specific order-only second-expansion else-if archives jobserver check-symlink
# environment
SSH_AUTH_SOCK = /private/tmp/com.apple.launchd.jD84JfvMBf/Listeners
# automatic
%F = $(notdir $%)
# makefile (from `Makefile', line 27)
PWD = $(shell pwd)
# environment
ORIGINAL_XDG_CURRENT_DESKTOP = undefined
# environment
MANPATH = :/Users/okinnune/man/man1
# environment
VSCODE_AMD_ENTRYPOINT = vs/workbench/api/node/extensionHostProcess
# environment
HOME = /Users/okinnune
# default
MAKEFILEPATH := /Applications/Xcode.app/Contents/Developer/Makefiles
# environment
VSCODE_CODE_CACHE_PATH = /Users/okinnune/Library/Application Support/Code/CachedData/74b1f979648cc44d385a2286793c226e611f59e7
# environment
LOGNAME = okinnune
# environment
APPLICATION_INSIGHTS_NO_DIAGNOSTIC_CHANNEL = 1
# environment
VSCODE_HANDLES_UNCAUGHT_ERRORS = true
# automatic
^D = $(patsubst %/,%,$(dir $^))
# environment
XPC_FLAGS = 0x0
# default
MAKE = $(MAKE_COMMAND)
# default
MAKECMDGOALS := all
# environment
SHLVL = 1
# makefile (from `Makefile', line 16)
LIBFT = libft/libft.a
# makefile (from `Makefile', line 24)
CC = gcc
# default
MAKE_VERSION := 3.81
# environment
USER = okinnune
# makefile
.DEFAULT_GOAL := all
# makefile (from `Makefile', line 15)
INCLUDE = -Ilib/include/SDL2/ -Isrc -Ilibft
# makefile (from `Makefile', line 13)
NAME = SovietPunk1947
# makefile (from `Makefile', line 17)
SDL2 = SDL_built/lib/libSDL2.a
# automatic
%D = $(patsubst %/,%,$(dir $%))
# default
MAKE_COMMAND := /Applications/Xcode.app/Contents/Developer/usr/bin/make
# default
.VARIABLES := 
# environment
TMPDIR = /var/folders/zz/zyxvpxvq6csfxvn_n0000kmr0004n6/T/
# automatic
*F = $(notdir $*)
# environment
VSCODE_IPC_HOOK = /Users/okinnune/Library/Application Support/Code/1.71.2-main.sock
# environment
MallocNanoZone = 0
# makefile
MAKEFLAGS = Rrqp
# environment
MFLAGS = -Rrqp
# automatic
*D = $(patsubst %/,%,$(dir $*))
# environment
XPC_SERVICE_NAME = com.microsoft.VSCode.3540
# automatic
+D = $(patsubst %/,%,$(dir $+))
# automatic
+F = $(notdir $+)
# environment
__CF_USER_TEXT_ENCODING = 0x12A6:0x0:0x0
# default
MAKEFILES := 
# environment
PROMPT_COMMAND = echo -ne "\033]0;$PWD\007"
# automatic
<F = $(notdir $<)
# environment
LC_ALL = C
# makefile (from `Makefile', line 25)
LIBS = $(LIBFT) -ldl -lpthread -lm
# automatic
^F = $(notdir $^)
# default
SUFFIXES := 
# default
.INCLUDE_DIRS = /usr/local/include
# environment
MAKELEVEL := 0
# environment
LANG = C
# environment
VSCODE_PID = 29723
# variable set hash-table stats:
# Load=69/1024=7%, Rehash=0, Collisions=5/108=5%

# Pattern-specific Variable Values

# No pattern-specific variable values.

# Directories

# . (device 16777227, inode 1349486): 19 files, no impossibilities.

# 19 files, no impossibilities in 1 directories.

# Implicit Rules

# No implicit rules.

# Files

shade2:
#  Implicit rule search has not been done.
#  Modification time never checked.
#  File has not been updated.
#  commands to execute (from `Makefile', line 37):
	$(MAKE) clean
	$(MAKE) CFLAGS='-D SHADETRIPPY'
	

src/gameloop.o: src/SP1947.h
#  Implicit rule search has not been done.
#  Modification time never checked.
#  File has not been updated.

src/obj_render.o: src/SP1947.h
#  Implicit rule search has not been done.
#  Modification time never checked.
#  File has not been updated.

all: SDL_built/lib/libSDL2.a libft/libft.a src/main.o src/editor.o src/png.o src/file_open.o src/mini_fdf.o src/obj.o src/image.o src/gameloop.o src/deltatime.o src/eventloop.o src/editor_eventloop.o src/convertpng.o src/v2.o src/obj_render.o src/shade.o src/spawnplayer.o src/inputhelp.o src/v2_2.o src/draw.o src/samplemap.o src/editor_buttons.o src/drawquadtile.o src/getwall.o src/mini_fdf_helpers.o src/mini_fdf_matrix.o
#  Command-line target.
#  Implicit rule search has not been done.
#  File does not exist.
#  File has been updated.
#  Needs to be updated (-q is set).
# variable set hash-table stats:
# Load=0/32=0%, Rehash=0, Collisions=0/2=0%
#  commands to execute (from `Makefile', line 30):
	$(CC) $(OBJ) -o $(NAME) `SDL_built/bin/sdl2-config --cflags --libs` $(INCLUDE) $(LIBS)
	

src/deltatime.o: src/SP1947.h
#  Implicit rule search has not been done.
#  Modification time never checked.
#  File has not been updated.

src/main.o: src/SP1947.h
#  Implicit rule search has not been done.
#  Modification time never checked.
#  File has not been updated.

src/v2_2.o: src/SP1947.h
#  Implicit rule search has not been done.
#  Modification time never checked.
#  File has not been updated.

src/png.o: src/SP1947.h
#  Implicit rule search has not been done.
#  Modification time never checked.
#  File has not been updated.

# Not a target:
.SUFFIXES:
#  Implicit rule search has not been done.
#  Modification time never checked.
#  File has not been updated.

clean-sdl:
#  Implicit rule search has not been done.
 
#  Modification time never checked.
#  File has not been updated.
#  commands to execute (from `Makefile', line 46):
	rm -rf SDL2-2.0.22/build/*
	rm -rf SDL_built/*
	touch SDL_built/DontRemoveMe
	rm -f $(SDL2)
	

src/spawnplayer.o: src/SP1947.h
#  Implicit rule search has not been done.
#  Modification time never checked.
#  File has not been updated.

# Not a target:
Makefile:
#  Implicit rule search has been done.
#  Last modified 2022-10-10 12:00:30
#  File has been updated.
#  Successfully updated.
# variable set hash-table stats:
# Load=0/32=0%, Rehash=0, Collisions=0/0=0%

SDL_built/lib/libSDL2.a:
#  Implicit rule search has not been done.
#  Last modified 2022-10-06 12:42:46
#  File has been updated.
#  Successfully updated.
#  commands to execute (from `Makefile', line 43):
	cd SDL2-2.0.22/build && ../configure --prefix=$(PWD)/SDL_built/ && make install
	

src/editor_eventloop.o: src/SP1947.h
#  Implicit rule search has not been done.
#  Modification time never checked.
#  File has not been updated.

src/drawquadtile.o: src/SP1947.h
#  Implicit rule search has not been done.
#  Modification time never checked.
#  File has not been updated.

src/file_open.o: src/SP1947.h
#  Implicit rule search has not been done.
#  Modification time never checked.
#  File has not been updated.

src/shade.o: src/SP1947.h
#  Implicit rule search has not been done.
#  Modification time never checked.
#  File has not been updated.

src/convertpng.o: src/SP1947.h
#  Implicit rule search has not been done.
#  Modification time never checked.
#  File has not been updated.

# Not a target:
src/SP1947.h:
#  Implicit rule search has not been done.
#  Modification time never checked.
#  File has not been updated.

libft/libft.a:
#  Implicit rule search has not been done.
#  Implicit/static pattern stem: `'
#  File does not exist.
#  File has been updated.
#  Needs to be updated (-q is set).
# automatic
# @ := libft/libft.a
# automatic
# % := 
# automatic
# * := 
# automatic
# + := 
# automatic
# | := 
# automatic
# < := 
# automatic
# ^ := 
# automatic
# ? := 
# variable set hash-table stats:
# Load=8/32=25%, Rehash=0, Collisions=1/10=10%
#  commands to execute (from `Makefile', line 59):
	make -C libft
	

src/editor_buttons.o: src/SP1947.h
#  Implicit rule search has not been done.
#  Modification time never checked.
#  File has not been updated.

src/image.o: src/SP1947.h
#  Implicit rule search has not been done.
#  Modification time never checked.
#  File has not been updated.

src/editor.o: src/SP1947.h
#  Implicit rule search has not been done.
#  Modification time never checked.
#  File has not been updated.

# Not a target:
.DEFAULT:
#  Implicit rule search has not been done.
#  Modification time never checked.
#  File has not been updated.

src/mini_fdf_helpers.o: src/SP1947.h
#  Implicit rule search has not been done.
#  Modification time never checked.
#  File has not been updated.

clean:
#  Implicit rule search has not been done.
#  Modification time never checked.
#  File has not been updated.
#  commands to execute (from `Makefile', line 52):
	rm -f src/*.o
	rm -f $(LIBFT)
	

src/mini_fdf.o: src/SP1947.h
#  Implicit rule search has not been done.
#  Modification time never checked.
#  File has not been updated.

src/inputhelp.o: src/SP1947.h
#  Implicit rule search has not been done.
#  Modification time never checked.
#  File has not been updated.

src/eventloop.o: src/SP1947.h
#  Implicit rule search has not been done.
#  Modification time never checked.
#  File has not been updated.

re-sdl: clean-sdl SDL_built/lib/libSDL2.a
#  Implicit rule search has not been done.
#  Modification time never checked.
#  File has not been updated.
#  commands to execute (from `Makefile', line 56):
	

src/mini_fdf_matrix.o: src/SP1947.h
#  Implicit rule search has not been done.
#  Modification time never checked.
#  File has not been updated.

src/samplemap.o: src/SP1947.h
#  Implicit rule search has not been done.
#  Modification time never checked.
#  File has not been updated.

shade1:
#  Implicit rule search has not been done.
#  Modification time never checked.
#  File has not been updated.
#  commands to execute (from `Makefile', line 33):
	$(MAKE) clean
	$(MAKE) CFLAGS='-D SHADE1'
	

src/v2.o: src/SP1947.h
#  Implicit rule search has not been done.
#  Modification time never checked.
#  File has not been updated.

src/getwall.o: src/SP1947.h
#  Implicit rule search has not been done.
#  Modification time never checked.
#  File has not been updated.

src/obj.o: src/SP1947.h
#  Implicit rule search has not been done.
#  Modification time never checked.
#  File has not been updated.

src/draw.o: src/SP1947.h
#  Implicit rule search has not been done.
#  Modification time never checked.
#  File has not been updated.

# files hash-table stats:
# Load=37/1024=4%, Rehash=0, Collisions=4/105=4%
# VPATH Search Paths

# No `vpath' search paths.

# No general (`VPATH' variable) search path.

# # of strings in strcache: 1
# # of strcache buffers: 1
# strcache size: total = 4096 / max = 4096 / min = 4096 / avg = 4096
# strcache free: total = 4087 / max = 4087 / min = 4087 / avg = 4087

# Finished Make data base on Mon Oct 10 12:00:37 2022

 
